\BOOKMARK [0][-]{chapter.1}{Introduction}{}% 1
\BOOKMARK [0][-]{chapter.2}{Mittelfristigem Anstieg folgt stetiger R\374ckgang - Zustand und Entwicklung der Rohholzverf\374gbarkeit in der buchenreichen Mitte Deutschlands}{}% 2
\BOOKMARK [1][-]{section.2.1}{Einleitung}{chapter.2}% 3
\BOOKMARK [1][-]{section.2.2}{Methodik}{chapter.2}% 4
\BOOKMARK [1][-]{section.2.3}{Ergebnisse}{chapter.2}% 5
\BOOKMARK [1][-]{section.2.4}{Konsequenzen f\374r die Nutzung von Buchenholz}{chapter.2}% 6
\BOOKMARK [0][-]{chapter.3}{Biomass functions and nutrient contents of European beech, oak, sycamore maple and ash and their meaning for the biomass supply chain}{}% 7
\BOOKMARK [1][-]{section.3.1}{Introduction}{chapter.3}% 8
\BOOKMARK [1][-]{section.3.2}{Materials and Methods}{chapter.3}% 9
\BOOKMARK [1][-]{section.3.3}{Results}{chapter.3}% 10
\BOOKMARK [1][-]{section.3.4}{Discussion}{chapter.3}% 11
\BOOKMARK [1][-]{section.3.5}{Conclusions}{chapter.3}% 12
\BOOKMARK [0][-]{chapter.4}{Modelling the economically viable wood in the crown of European beech trees}{}% 13
\BOOKMARK [1][-]{section.4.1}{Introduction}{chapter.4}% 14
\BOOKMARK [1][-]{section.4.2}{Materials and Methods}{chapter.4}% 15
\BOOKMARK [1][-]{section.4.3}{Results}{chapter.4}% 16
\BOOKMARK [1][-]{section.4.4}{Discussion}{chapter.4}% 17
\BOOKMARK [1][-]{section.4.5}{Conclusions and outlook}{chapter.4}% 18
\BOOKMARK [0][-]{chapter.5}{Flexible Global Optimization with Simulated-Annealing}{}% 19
\BOOKMARK [1][-]{section.5.1}{Introduction}{chapter.5}% 20
\BOOKMARK [1][-]{section.5.2}{The package optimization}{chapter.5}% 21
\BOOKMARK [1][-]{section.5.3}{Examples}{chapter.5}% 22
\BOOKMARK [1][-]{section.5.4}{Discussion and outlook}{chapter.5}% 23
\BOOKMARK [0][-]{chapter.6}{General Discussion}{}% 24
\BOOKMARK [0][-]{chapter.7}{Summary}{}% 25
\BOOKMARK [0][-]{chapter.8}{Zusammenfassung}{}% 26
\BOOKMARK [0][-]{chapter*.56}{Bibliography}{}% 27
